<?xml version="1.0" encoding="UTF-8"?>
<testsuite name="com.telran.repeat.tests.ContactDeletionTests" tests="1" skipped="0" failures="0" errors="0" timestamp="2018-11-27T12:28:25" hostname="MacBook-Air-de-AURELIE.local" time="0.167">
  <properties/>
  <testcase name="testContactDeletion" classname="com.telran.repeat.tests.ContactDeletionTests" time="0.167"/>
  <system-out><![CDATA[]]></system-out>
  <system-err><![CDATA[]]></system-err>
</testsuite>
