<?xml version="1.0" encoding="UTF-8"?>
<testsuite name="com.telran.repeat.tests.ContactModificationTests" tests="1" skipped="1" failures="0" errors="0" timestamp="2018-11-19T11:08:15" hostname="MacBook-Air-de-AURELIE.local" time="0.0">
  <properties/>
  <testcase name="testsContactModification" classname="com.telran.repeat.tests.ContactModificationTests" time="0.0">
    <skipped/>
  </testcase>
  <system-out><![CDATA[]]></system-out>
  <system-err><![CDATA[]]></system-err>
</testsuite>
