<?xml version="1.0" encoding="UTF-8"?>
<testsuite name="com.telran.repeat.tests.GroupModificationTests" tests="2" skipped="0" failures="0" errors="0" timestamp="2018-11-27T12:28:42" hostname="MacBook-Air-de-AURELIE.local" time="70.168">
  <properties/>
  <testcase name="testEmtyGroupModification" classname="com.telran.repeat.tests.GroupModificationTests" time="32.951"/>
  <testcase name="testGroupModification" classname="com.telran.repeat.tests.GroupModificationTests" time="31.994"/>
  <system-out><![CDATA[]]></system-out>
  <system-err><![CDATA[]]></system-err>
</testsuite>
